  Collision.cpp
C:\Users\rladb\Desktop\과제\winAPI2\WinAPI2\Collision.cpp(6,20): warning C4018: '<': signed 또는 unsigned가 일치하지 않습니다.
C:\Users\rladb\Desktop\과제\winAPI2\WinAPI2\Collision.cpp(8,21): warning C4018: '<': signed 또는 unsigned가 일치하지 않습니다.
C:\Users\rladb\Desktop\과제\winAPI2\WinAPI2\Collision.cpp(21,20): warning C4018: '<': signed 또는 unsigned가 일치하지 않습니다.
C:\Users\rladb\Desktop\과제\winAPI2\WinAPI2\Collision.cpp(23,21): warning C4018: '<': signed 또는 unsigned가 일치하지 않습니다.
  Enemy.cpp
C:\Users\rladb\Desktop\과제\winAPI2\WinAPI2\Enemy.cpp(22,32): warning C4244: '=': 'DWORD'에서 'float'(으)로 변환하면서 데이터가 손실될 수 있습니다.
C:\Users\rladb\Desktop\과제\winAPI2\WinAPI2\Enemy.cpp(26,15): warning C4244: '=': 'LONG'에서 'float'(으)로 변환하면서 데이터가 손실될 수 있습니다.
C:\Users\rladb\Desktop\과제\winAPI2\WinAPI2\Enemy.cpp(27,15): warning C4244: '=': 'LONG'에서 'float'(으)로 변환하면서 데이터가 손실될 수 있습니다.
C:\Users\rladb\Desktop\과제\winAPI2\WinAPI2\Enemy.cpp(28,27): warning C4244: '인수': 'float'에서 'int'(으)로 변환하면서 데이터가 손실될 수 있습니다.
C:\Users\rladb\Desktop\과제\winAPI2\WinAPI2\Enemy.cpp(28,23): warning C4244: '인수': 'float'에서 'int'(으)로 변환하면서 데이터가 손실될 수 있습니다.
C:\Users\rladb\Desktop\과제\winAPI2\WinAPI2\Enemy.cpp(39,32): warning C4244: '=': 'DWORD'에서 'float'(으)로 변환하면서 데이터가 손실될 수 있습니다.
C:\Users\rladb\Desktop\과제\winAPI2\WinAPI2\Enemy.cpp(43,15): warning C4244: '=': 'LONG'에서 'float'(으)로 변환하면서 데이터가 손실될 수 있습니다.
C:\Users\rladb\Desktop\과제\winAPI2\WinAPI2\Enemy.cpp(44,15): warning C4244: '=': 'LONG'에서 'float'(으)로 변환하면서 데이터가 손실될 수 있습니다.
C:\Users\rladb\Desktop\과제\winAPI2\WinAPI2\Enemy.cpp(45,27): warning C4244: '인수': 'float'에서 'int'(으)로 변환하면서 데이터가 손실될 수 있습니다.
C:\Users\rladb\Desktop\과제\winAPI2\WinAPI2\Enemy.cpp(45,23): warning C4244: '인수': 'float'에서 'int'(으)로 변환하면서 데이터가 손실될 수 있습니다.
C:\Users\rladb\Desktop\과제\winAPI2\WinAPI2\Enemy.cpp(95,33): warning C4244: '=': 'DWORD'에서 'float'(으)로 변환하면서 데이터가 손실될 수 있습니다.
  EnemyManager.cpp
C:\Users\rladb\Desktop\과제\winAPI2\WinAPI2\EnemyManager.cpp(88,21): warning C4244: '초기화 중': 'double'에서 'float'(으)로 변환하면서 데이터가 손실될 수 있습니다.
C:\Users\rladb\Desktop\과제\winAPI2\WinAPI2\EnemyManager.cpp(135,42): warning C4244: '인수': 'float'에서 'int'(으)로 변환하면서 데이터가 손실될 수 있습니다.
C:\Users\rladb\Desktop\과제\winAPI2\WinAPI2\EnemyManager.cpp(135,35): warning C4244: '인수': 'float'에서 'int'(으)로 변환하면서 데이터가 손실될 수 있습니다.
  Minion.cpp
C:\Users\rladb\Desktop\과제\winAPI2\WinAPI2\Minion.cpp(51,29): warning C4244: '인수': 'float'에서 'int'(으)로 변환하면서 데이터가 손실될 수 있습니다.
C:\Users\rladb\Desktop\과제\winAPI2\WinAPI2\Minion.cpp(51,25): warning C4244: '인수': 'float'에서 'int'(으)로 변환하면서 데이터가 손실될 수 있습니다.
C:\Users\rladb\Desktop\과제\winAPI2\WinAPI2\Minion.cpp(70,29): warning C4244: '인수': 'float'에서 'int'(으)로 변환하면서 데이터가 손실될 수 있습니다.
C:\Users\rladb\Desktop\과제\winAPI2\WinAPI2\Minion.cpp(70,25): warning C4244: '인수': 'float'에서 'int'(으)로 변환하면서 데이터가 손실될 수 있습니다.
C:\Users\rladb\Desktop\과제\winAPI2\WinAPI2\Minion.cpp(74,27): warning C4244: '인수': 'float'에서 'int'(으)로 변환하면서 데이터가 손실될 수 있습니다.
C:\Users\rladb\Desktop\과제\winAPI2\WinAPI2\Minion.cpp(74,23): warning C4244: '인수': 'float'에서 'int'(으)로 변환하면서 데이터가 손실될 수 있습니다.
  ReportManager.cpp
C:\Users\rladb\Desktop\과제\winAPI2\WinAPI2\ReportManager.cpp(11,20): warning C4018: '<': signed 또는 unsigned가 일치하지 않습니다.
C:\Users\rladb\Desktop\과제\winAPI2\WinAPI2\ReportManager.cpp(42,22): warning C4018: '<': signed 또는 unsigned가 일치하지 않습니다.
C:\Users\rladb\Desktop\과제\winAPI2\WinAPI2\ReportManager.cpp(296,20): warning C4018: '<': signed 또는 unsigned가 일치하지 않습니다.
  WinAPI2.cpp
  코드를 생성하고 있습니다...
  ShootingMap.cpp
  WinAPI2.vcxproj -> C:\Users\rladb\Desktop\과제\winAPI2\Debug\WinAPI2.exe
