c:\users\김유민\source\repos\winapi2\winapi2\debug\vc141.pdb
c:\users\김유민\source\repos\winapi2\winapi2\debug\vc141.idb
c:\users\김유민\source\repos\winapi2\winapi2\debug\stdafx.obj
c:\users\김유민\source\repos\winapi2\winapi2\debug\maingame.obj
c:\users\김유민\source\repos\winapi2\winapi2\debug\keymanager.obj
c:\users\김유민\source\repos\winapi2\winapi2\debug\gamenode.obj
c:\users\김유민\source\repos\winapi2\winapi2\debug\c3dvector.obj
c:\users\김유민\source\repos\winapi2\winapi2\debug\c3dmatrix.obj
c:\users\김유민\source\repos\winapi2\winapi2\debug\winapi2.obj
c:\users\김유민\source\repos\winapi2\winapi2\debug\mole.obj
c:\users\김유민\source\repos\winapi2\winapi2\debug\maingame2.obj
c:\users\김유민\source\repos\winapi2\winapi2\debug\currentrect.obj
c:\users\김유민\source\repos\winapi2\winapi2\debug\player.obj
c:\users\김유민\source\repos\winapi2\winapi2\debug\maingame3.obj
c:\users\김유민\source\repos\winapi2\winapi2\debug\poop.obj
c:\users\김유민\source\repos\winapi2\winapi2\debug\reportmanager.obj
c:\users\김유민\source\repos\winapi2\winapi2\debug\maingame4.obj
c:\users\김유민\source\repos\winapi2\winapi2\debug\gimage.obj
c:\users\김유민\source\repos\winapi2\winapi2\debug\maingame5.obj
c:\users\김유민\source\repos\winapi2\winapi2\debug\maingame6.obj
c:\users\김유민\source\repos\winapi2\winapi2\debug\maingame9.obj
c:\users\김유민\source\repos\winapi2\winapi2\debug\maingame8.obj
c:\users\김유민\source\repos\winapi2\winapi2\debug\maingame7.obj
c:\users\김유민\source\repos\winapi2\winapi2\debug\maingame10.obj
c:\users\김유민\source\repos\winapi2\winapi2\debug\maingame11.obj
c:\users\김유민\source\repos\winapi2\winapi2\debug\maingame12.obj
c:\users\김유민\source\repos\winapi2\winapi2\debug\maingame13.obj
c:\users\김유민\source\repos\winapi2\winapi2\debug\maingame14.obj
c:\users\김유민\source\repos\winapi2\winapi2\debug\maingame15.obj
c:\users\김유민\source\repos\winapi2\winapi2\debug\imagemanager.obj
c:\users\김유민\source\repos\winapi2\winapi2\debug\player0630.obj
c:\users\김유민\source\repos\winapi2\winapi2\debug\map0630.obj
c:\users\김유민\source\repos\winapi2\winapi2\debug\maingame16.obj
c:\users\김유민\source\repos\winapi2\winapi2\debug\carracegame.obj
c:\users\김유민\source\repos\winapi2\winapi2\debug\enemycar.obj
c:\users\김유민\source\repos\winapi2\winapi2\debug\object.obj
c:\users\김유민\source\repos\winapi2\winapi2\debug\hole.obj
c:\users\김유민\source\repos\winapi2\winapi2\debug\blackholl.obj
c:\users\김유민\source\repos\winapi2\debug\winapi2.exe
c:\users\김유민\source\repos\winapi2\debug\winapi2.ilk
c:\users\김유민\source\repos\winapi2\debug\winapi2.pdb
c:\users\김유민\source\repos\winapi2\winapi2\debug\winapi2.res
c:\users\김유민\source\repos\winapi2\winapi2\debug\maingame4.obj.enc
c:\users\김유민\source\repos\winapi2\winapi2\debug\winapi2.tlog\cl.command.1.tlog
c:\users\김유민\source\repos\winapi2\winapi2\debug\winapi2.tlog\cl.read.1.tlog
c:\users\김유민\source\repos\winapi2\winapi2\debug\winapi2.tlog\cl.write.1.tlog
c:\users\김유민\source\repos\winapi2\winapi2\debug\winapi2.tlog\link.command.1.tlog
c:\users\김유민\source\repos\winapi2\winapi2\debug\winapi2.tlog\link.read.1.tlog
c:\users\김유민\source\repos\winapi2\winapi2\debug\winapi2.tlog\link.write.1.tlog
c:\users\김유민\source\repos\winapi2\winapi2\debug\winapi2.tlog\rc.command.1.tlog
c:\users\김유민\source\repos\winapi2\winapi2\debug\winapi2.tlog\rc.read.1.tlog
c:\users\김유민\source\repos\winapi2\winapi2\debug\winapi2.tlog\rc.write.1.tlog
